<?xml version="1.0" encoding="UTF-8"?>
<!-- Generated by org.testng.reporters.JUnitReportReporter -->
<testsuite hostname="LAPTOP-MTP36T1R" failures="0" tests="8" name="TestScriptsCalling.SigninScript" time="158.729" errors="0" timestamp="2024-04-12T09:05:48 IST" skipped="0">
  <testcase classname="TestScriptsCalling.SigninScript" name="TextForgotpass_presentt_ornot" time="23.636"/>
  <testcase classname="TestScriptsCalling.SigninScript" name="Sign_inWith_Blankdetails" time="17.395"/>
  <testcase classname="TestScriptsCalling.SigninScript" name="signIN_invalidmail" time="15.479"/>
  <testcase classname="TestScriptsCalling.SigninScript" name="signIN_invalidpass" time="19.305"/>
  <testcase classname="TestScriptsCalling.SigninScript" name="signIN_Bothinvalid" time="23.147"/>
  <testcase classname="TestScriptsCalling.SigninScript" name="CreateAccText" time="25.112"/>
  <testcase classname="TestScriptsCalling.SigninScript" name="Titleofpag" time="18.022"/>
  <testcase classname="TestScriptsCalling.SigninScript" name="Sign_inWith_Correctdetails" time="16.633"/>
</testsuite> <!-- TestScriptsCalling.SigninScript -->
