<?xml version="1.0" encoding="UTF-8"?>
<!-- Generated by org.testng.reporters.JUnitReportReporter -->
<testsuite hostname="LAPTOP-MTP36T1R" failures="0" tests="3" name="TestScriptsCalling.callSignoFF" time="88.602" errors="0" timestamp="2024-04-13T12:26:37 IST" skipped="0">
  <testcase classname="TestScriptsCalling.callSignoFF" name="URl" time="18.939"/>
  <testcase classname="TestScriptsCalling.callSignoFF" name="Signof_fromWihlist" time="33.660"/>
  <testcase classname="TestScriptsCalling.callSignoFF" name="Signoff_From_download" time="36.003"/>
</testsuite> <!-- TestScriptsCalling.callSignoFF -->
